1499162421950	geckodriver	INFO	Listening on 127.0.0.1:49756
1499162423001	geckodriver::marionette	INFO	Starting browser /Applications/Firefox.app/Contents/MacOS/firefox-bin with args ["-marionette"]
1499162426459	Marionette	INFO	Listening on port 49765
1499162426526	Marionette	WARN	TLS certificate errors will be ignored for this session
1499162426807	Marionette	DEBUG	loaded listener.js
1499162426970	Marionette	DEBUG	Received DOM event "beforeunload" for "about:blank"
2017-07-04 18:00:27.014 plugin-container[32735:6644728] *** CFMessagePort: bootstrap_register(): failed 1100 (0x44c) 'Permission denied', port = 0x9e3b, name = 'com.apple.tsm.portname'
See /usr/include/servers/bootstrap_defs.h for the error codes.
2017-07-04 18:00:27.015 plugin-container[32735:6644728] *** CFMessagePort: bootstrap_register(): failed 1100 (0x44c) 'Permission denied', port = 0xa203, name = 'com.apple.CFPasteboardClient'
See /usr/include/servers/bootstrap_defs.h for the error codes.
1499162427116	Marionette	DEBUG	Received DOM event "pagehide" for "about:blank"
1499162427116	Marionette	DEBUG	Received DOM event "unload" for "about:blank"
1499162429179	Marionette	DEBUG	Received DOM event "DOMContentLoaded" for "https://www.baidu.com/s?ie=UTF-8&wd=python"
1499162429355	Marionette	DEBUG	Received DOM event "pageshow" for "https://www.baidu.com/s?ie=UTF-8&wd=python"
1499162555631	geckodriver	INFO	Listening on 127.0.0.1:49915
1499162556689	geckodriver::marionette	INFO	Starting browser /Applications/Firefox.app/Contents/MacOS/firefox-bin with args ["-marionette"]
1499162558752	Marionette	INFO	Listening on port 49924
1499162558846	Marionette	WARN	TLS certificate errors will be ignored for this session
1499162559030	Marionette	DEBUG	loaded listener.js
1499162559112	geckodriver	INFO	Listening on 127.0.0.1:49973
1499162560183	geckodriver::marionette	INFO	Starting browser /Applications/Firefox.app/Contents/MacOS/firefox-bin with args ["-marionette"]
1499162561976	Marionette	INFO	Listening on port 49982
1499162562083	Marionette	WARN	TLS certificate errors will be ignored for this session
1499162562220	Marionette	DEBUG	loaded listener.js
1499162600559	geckodriver	INFO	Listening on 127.0.0.1:50029
1499162601609	geckodriver::marionette	INFO	Starting browser /Applications/Firefox.app/Contents/MacOS/firefox-bin with args ["-marionette"]
1499162603569	Marionette	INFO	Listening on port 50045
1499162603630	Marionette	WARN	TLS certificate errors will be ignored for this session
1499162603809	Marionette	DEBUG	loaded listener.js
1499162603835	Marionette	DEBUG	Received DOM event "beforeunload" for "about:blank"
2017-07-04 18:03:23.886 plugin-container[32782:6648761] *** CFMessagePort: bootstrap_register(): failed 1100 (0x44c) 'Permission denied', port = 0x9e3b, name = 'com.apple.tsm.portname'
See /usr/include/servers/bootstrap_defs.h for the error codes.
2017-07-04 18:03:23.887 plugin-container[32782:6648761] *** CFMessagePort: bootstrap_register(): failed 1100 (0x44c) 'Permission denied', port = 0xa103, name = 'com.apple.CFPasteboardClient'
See /usr/include/servers/bootstrap_defs.h for the error codes.
1499162604487	Marionette	DEBUG	Received DOM event "pagehide" for "about:blank"
1499162604488	Marionette	DEBUG	Received DOM event "unload" for "about:blank"
JavaScript error: https://ss1.bdstatic.com/5eN1bjq8AAUYm2zgoY3K/r/www/cache/static/protocol/https/plugins/every_cookie_mac_82990d4.js, line 4: ReferenceError: c is not defined
1499162607374	Marionette	DEBUG	Received DOM event "DOMContentLoaded" for "https://www.baidu.com/s?ie=UTF-8&wd=python"
1499162607823	Marionette	DEBUG	Received DOM event "pageshow" for "https://www.baidu.com/s?ie=UTF-8&wd=python"
1499162607913	geckodriver	INFO	Listening on 127.0.0.1:50137
1499162608989	geckodriver::marionette	INFO	Starting browser /Applications/Firefox.app/Contents/MacOS/firefox-bin with args ["-marionette"]
1499162611114	Marionette	INFO	Listening on port 50148
1499162611209	Marionette	WARN	TLS certificate errors will be ignored for this session
1499162611472	Marionette	DEBUG	loaded listener.js
1499162611513	Marionette	DEBUG	Received DOM event "beforeunload" for "about:blank"
2017-07-04 18:03:31.586 plugin-container[32785:6649379] *** CFMessagePort: bootstrap_register(): failed 1100 (0x44c) 'Permission denied', port = 0x9e3b, name = 'com.apple.tsm.portname'
See /usr/include/servers/bootstrap_defs.h for the error codes.
2017-07-04 18:03:31.587 plugin-container[32785:6649379] *** CFMessagePort: bootstrap_register(): failed 1100 (0x44c) 'Permission denied', port = 0xa103, name = 'com.apple.CFPasteboardClient'
See /usr/include/servers/bootstrap_defs.h for the error codes.
1499162611643	Marionette	DEBUG	Received DOM event "pagehide" for "about:blank"
1499162611644	Marionette	DEBUG	Received DOM event "unload" for "about:blank"
JavaScript error: https://ss1.bdstatic.com/5eN1bjq8AAUYm2zgoY3K/r/www/cache/static/protocol/https/plugins/every_cookie_mac_82990d4.js, line 4: ReferenceError: c is not defined
1499162613163	Marionette	DEBUG	Received DOM event "DOMContentLoaded" for "https://www.baidu.com/s?ie=UTF-8&wd=python"
1499162613262	Marionette	DEBUG	Received DOM event "pageshow" for "https://www.baidu.com/s?ie=UTF-8&wd=python"
[GFX1-]: Receive IPC close with reason=AbnormalShutdown
1499162644215	geckodriver	INFO	Listening on 127.0.0.1:50228
1499162645351	geckodriver::marionette	INFO	Starting browser /Applications/Firefox.app/Contents/MacOS/firefox-bin with args ["-marionette"]
1499162647811	Marionette	INFO	Listening on port 50239
1499162647873	Marionette	WARN	TLS certificate errors will be ignored for this session
1499162648085	Marionette	DEBUG	loaded listener.js
1499162648115	Marionette	DEBUG	Received DOM event "beforeunload" for "about:blank"
2017-07-04 18:04:08.184 plugin-container[32794:6650735] *** CFMessagePort: bootstrap_register(): failed 1100 (0x44c) 'Permission denied', port = 0x9d3b, name = 'com.apple.tsm.portname'
See /usr/include/servers/bootstrap_defs.h for the error codes.
2017-07-04 18:04:08.186 plugin-container[32794:6650735] *** CFMessagePort: bootstrap_register(): failed 1100 (0x44c) 'Permission denied', port = 0xa003, name = 'com.apple.CFPasteboardClient'
See /usr/include/servers/bootstrap_defs.h for the error codes.
1499162648250	Marionette	DEBUG	Received DOM event "pagehide" for "about:blank"
1499162648250	Marionette	DEBUG	Received DOM event "unload" for "about:blank"
JavaScript error: https://ss1.bdstatic.com/5eN1bjq8AAUYm2zgoY3K/r/www/cache/static/protocol/https/plugins/every_cookie_mac_82990d4.js, line 4: ReferenceError: c is not defined
1499162649330	Marionette	DEBUG	Received DOM event "DOMContentLoaded" for "https://www.baidu.com/s?ie=UTF-8&wd=python"
1499162649416	Marionette	DEBUG	Received DOM event "pageshow" for "https://www.baidu.com/s?ie=UTF-8&wd=python"
1499162649502	geckodriver	INFO	Listening on 127.0.0.1:50322
1499162650560	geckodriver::marionette	INFO	Starting browser /Applications/Firefox.app/Contents/MacOS/firefox-bin with args ["-marionette"]
1499162652297	Marionette	INFO	Listening on port 50331
1499162652353	Marionette	WARN	TLS certificate errors will be ignored for this session
1499162652547	Marionette	DEBUG	loaded listener.js
1499162652575	Marionette	DEBUG	Received DOM event "beforeunload" for "about:blank"
2017-07-04 18:04:12.623 plugin-container[32799:6651354] *** CFMessagePort: bootstrap_register(): failed 1100 (0x44c) 'Permission denied', port = 0x9c3b, name = 'com.apple.tsm.portname'
See /usr/include/servers/bootstrap_defs.h for the error codes.
2017-07-04 18:04:12.624 plugin-container[32799:6651354] *** CFMessagePort: bootstrap_register(): failed 1100 (0x44c) 'Permission denied', port = 0x9f03, name = 'com.apple.CFPasteboardClient'
See /usr/include/servers/bootstrap_defs.h for the error codes.
1499162652699	Marionette	DEBUG	Received DOM event "pagehide" for "about:blank"
1499162652699	Marionette	DEBUG	Received DOM event "unload" for "about:blank"
1499162654022	Marionette	DEBUG	Received DOM event "DOMContentLoaded" for "https://www.baidu.com/s?ie=UTF-8&wd=python"
1499162654093	Marionette	DEBUG	Received DOM event "pageshow" for "https://www.baidu.com/s?ie=UTF-8&wd=python"
[GFX1-]: Receive IPC close with reason=AbnormalShutdown
1499162665450	geckodriver	INFO	Listening on 127.0.0.1:50409
1499162666501	geckodriver::marionette	INFO	Starting browser /Applications/Firefox.app/Contents/MacOS/firefox-bin with args ["-marionette"]
1499162668233	Marionette	INFO	Listening on port 50424
1499162668296	Marionette	WARN	TLS certificate errors will be ignored for this session
1499162668489	Marionette	DEBUG	loaded listener.js
1499162668516	Marionette	DEBUG	Received DOM event "beforeunload" for "about:blank"
2017-07-04 18:04:28.560 plugin-container[32807:6652080] *** CFMessagePort: bootstrap_register(): failed 1100 (0x44c) 'Permission denied', port = 0x9c3b, name = 'com.apple.tsm.portname'
See /usr/include/servers/bootstrap_defs.h for the error codes.
2017-07-04 18:04:28.560 plugin-container[32807:6652080] *** CFMessagePort: bootstrap_register(): failed 1100 (0x44c) 'Permission denied', port = 0xa003, name = 'com.apple.CFPasteboardClient'
See /usr/include/servers/bootstrap_defs.h for the error codes.
1499162668643	Marionette	DEBUG	Received DOM event "pagehide" for "about:blank"
1499162668644	Marionette	DEBUG	Received DOM event "unload" for "about:blank"
JavaScript error: https://ss1.bdstatic.com/5eN1bjq8AAUYm2zgoY3K/r/www/cache/static/protocol/https/plugins/every_cookie_mac_82990d4.js, line 4: ReferenceError: c is not defined
1499162669707	Marionette	DEBUG	Received DOM event "DOMContentLoaded" for "https://www.baidu.com/s?ie=UTF-8&wd=python"
1499162669807	Marionette	DEBUG	Received DOM event "pageshow" for "https://www.baidu.com/s?ie=UTF-8&wd=python"
1499162669893	geckodriver	INFO	Listening on 127.0.0.1:50497
1499162670946	geckodriver::marionette	INFO	Starting browser /Applications/Firefox.app/Contents/MacOS/firefox-bin with args ["-marionette"]
1499162672689	Marionette	INFO	Listening on port 50506
1499162672742	Marionette	WARN	TLS certificate errors will be ignored for this session
1499162672949	Marionette	DEBUG	loaded listener.js
1499162672983	Marionette	DEBUG	Received DOM event "beforeunload" for "about:blank"
2017-07-04 18:04:33.030 plugin-container[32812:6652679] *** CFMessagePort: bootstrap_register(): failed 1100 (0x44c) 'Permission denied', port = 0x9e3b, name = 'com.apple.tsm.portname'
See /usr/include/servers/bootstrap_defs.h for the error codes.
2017-07-04 18:04:33.031 plugin-container[32812:6652679] *** CFMessagePort: bootstrap_register(): failed 1100 (0x44c) 'Permission denied', port = 0xa103, name = 'com.apple.CFPasteboardClient'
See /usr/include/servers/bootstrap_defs.h for the error codes.
1499162673147	Marionette	DEBUG	Received DOM event "pagehide" for "about:blank"
1499162673148	Marionette	DEBUG	Received DOM event "unload" for "about:blank"
1499162674292	Marionette	DEBUG	Received DOM event "DOMContentLoaded" for "https://www.baidu.com/s?ie=UTF-8&wd=python"
1499162674380	Marionette	DEBUG	Received DOM event "pageshow" for "https://www.baidu.com/s?ie=UTF-8&wd=python"
[Child 32812] WARNING: pipe error: Broken pipe: file /builds/slave/m-rel-m64-00000000000000000000/build/src/ipc/chromium/src/chrome/common/ipc_channel_posix.cc, line 702
[GFX1-]: Receive IPC close with reason=AbnormalShutdown
1499162704781	geckodriver	INFO	Listening on 127.0.0.1:50581
1499162705833	geckodriver::marionette	INFO	Starting browser /Applications/Firefox.app/Contents/MacOS/firefox-bin with args ["-marionette"]
1499162707526	Marionette	INFO	Listening on port 50590
1499162707627	Marionette	WARN	TLS certificate errors will be ignored for this session
1499162707777	Marionette	DEBUG	loaded listener.js
1499162707805	Marionette	DEBUG	Received DOM event "beforeunload" for "about:blank"
2017-07-04 18:05:07.849 plugin-container[32825:6653519] *** CFMessagePort: bootstrap_register(): failed 1100 (0x44c) 'Permission denied', port = 0x9c3b, name = 'com.apple.tsm.portname'
See /usr/include/servers/bootstrap_defs.h for the error codes.
2017-07-04 18:05:07.850 plugin-container[32825:6653519] *** CFMessagePort: bootstrap_register(): failed 1100 (0x44c) 'Permission denied', port = 0xa003, name = 'com.apple.CFPasteboardClient'
See /usr/include/servers/bootstrap_defs.h for the error codes.
1499162707933	Marionette	DEBUG	Received DOM event "pagehide" for "about:blank"
1499162707933	Marionette	DEBUG	Received DOM event "unload" for "about:blank"
JavaScript error: https://ss1.bdstatic.com/5eN1bjq8AAUYm2zgoY3K/r/www/cache/static/protocol/https/plugins/every_cookie_mac_82990d4.js, line 4: ReferenceError: c is not defined
1499162709048	Marionette	DEBUG	Received DOM event "DOMContentLoaded" for "https://www.baidu.com/s?ie=UTF-8&wd=python"
1499162709104	Marionette	DEBUG	Received DOM event "pageshow" for "https://www.baidu.com/s?ie=UTF-8&wd=python"
[GFX1-]: Receive IPC close with reason=AbnormalShutdown
1499162709202	geckodriver	INFO	Listening on 127.0.0.1:50661
1499162710255	geckodriver::marionette	INFO	Starting browser /Applications/Firefox.app/Contents/MacOS/firefox-bin with args ["-marionette"]
1499162712009	Marionette	INFO	Listening on port 50670
1499162712058	Marionette	WARN	TLS certificate errors will be ignored for this session
1499162712283	Marionette	DEBUG	loaded listener.js
1499162712322	Marionette	DEBUG	Received DOM event "beforeunload" for "about:blank"
2017-07-04 18:05:12.382 plugin-container[32828:6654187] *** CFMessagePort: bootstrap_register(): failed 1100 (0x44c) 'Permission denied', port = 0x9e3b, name = 'com.apple.tsm.portname'
See /usr/include/servers/bootstrap_defs.h for the error codes.
2017-07-04 18:05:12.383 plugin-container[32828:6654187] *** CFMessagePort: bootstrap_register(): failed 1100 (0x44c) 'Permission denied', port = 0xa103, name = 'com.apple.CFPasteboardClient'
See /usr/include/servers/bootstrap_defs.h for the error codes.
1499162712467	Marionette	DEBUG	Received DOM event "pagehide" for "about:blank"
1499162712467	Marionette	DEBUG	Received DOM event "unload" for "about:blank"
JavaScript error: https://ss1.bdstatic.com/5eN1bjq8AAUYm2zgoY3K/r/www/cache/static/protocol/https/plugins/every_cookie_mac_82990d4.js, line 4: ReferenceError: c is not defined
1499162713851	Marionette	DEBUG	Received DOM event "DOMContentLoaded" for "https://www.baidu.com/s?ie=UTF-8&wd=python"
1499162713950	Marionette	DEBUG	Received DOM event "pageshow" for "https://www.baidu.com/s?ie=UTF-8&wd=python"
[GFX1-]: Receive IPC close with reason=AbnormalShutdown
1499162741705	geckodriver	INFO	Listening on 127.0.0.1:50749
1499162742833	geckodriver::marionette	INFO	Starting browser /Applications/Firefox.app/Contents/MacOS/firefox-bin with args ["-marionette"]
1499162745464	Marionette	INFO	Listening on port 50758
1499162745570	Marionette	WARN	TLS certificate errors will be ignored for this session
1499162745809	Marionette	DEBUG	loaded listener.js
1499162745878	Marionette	DEBUG	Received DOM event "beforeunload" for "about:blank"
2017-07-04 18:05:45.939 plugin-container[32839:6655855] *** CFMessagePort: bootstrap_register(): failed 1100 (0x44c) 'Permission denied', port = 0x9e3b, name = 'com.apple.tsm.portname'
See /usr/include/servers/bootstrap_defs.h for the error codes.
2017-07-04 18:05:45.941 plugin-container[32839:6655855] *** CFMessagePort: bootstrap_register(): failed 1100 (0x44c) 'Permission denied', port = 0xa203, name = 'com.apple.CFPasteboardClient'
See /usr/include/servers/bootstrap_defs.h for the error codes.
1499162746179	Marionette	DEBUG	Received DOM event "pagehide" for "about:blank"
1499162746180	Marionette	DEBUG	Received DOM event "unload" for "about:blank"
JavaScript error: https://ss1.bdstatic.com/5eN1bjq8AAUYm2zgoY3K/r/www/cache/static/protocol/https/plugins/every_cookie_mac_82990d4.js, line 4: ReferenceError: c is not defined
1499162749268	Marionette	DEBUG	Received DOM event "DOMContentLoaded" for "https://www.baidu.com/s?ie=UTF-8&wd=python"
1499162750705	Marionette	DEBUG	Received DOM event "pageshow" for "https://www.baidu.com/s?ie=UTF-8&wd=python"
1499162750844	geckodriver	INFO	Listening on 127.0.0.1:50885
1499162751902	geckodriver::marionette	INFO	Starting browser /Applications/Firefox.app/Contents/MacOS/firefox-bin with args ["-marionette"]
1499162753690	Marionette	INFO	Listening on port 50894
1499162753798	Marionette	WARN	TLS certificate errors will be ignored for this session
1499162753942	Marionette	DEBUG	loaded listener.js
1499162753996	Marionette	DEBUG	Received DOM event "beforeunload" for "about:blank"
2017-07-04 18:05:54.016 plugin-container[32844:6656472] *** CFMessagePort: bootstrap_register(): failed 1100 (0x44c) 'Permission denied', port = 0x9e3b, name = 'com.apple.tsm.portname'
See /usr/include/servers/bootstrap_defs.h for the error codes.
2017-07-04 18:05:54.017 plugin-container[32844:6656472] *** CFMessagePort: bootstrap_register(): failed 1100 (0x44c) 'Permission denied', port = 0xa203, name = 'com.apple.CFPasteboardClient'
See /usr/include/servers/bootstrap_defs.h for the error codes.
1499162754150	Marionette	DEBUG	Received DOM event "pagehide" for "about:blank"
1499162754150	Marionette	DEBUG	Received DOM event "unload" for "about:blank"
JavaScript error: https://ss1.bdstatic.com/5eN1bjq8AAUYm2zgoY3K/r/www/cache/static/protocol/https/plugins/every_cookie_mac_82990d4.js, line 4: ReferenceError: c is not defined
1499162755265	Marionette	DEBUG	Received DOM event "DOMContentLoaded" for "https://www.baidu.com/s?ie=UTF-8&wd=python"
1499162755431	Marionette	DEBUG	Received DOM event "pageshow" for "https://www.baidu.com/s?ie=UTF-8&wd=python"
[GFX1-]: Receive IPC close with reason=AbnormalShutdown
1499162924822	geckodriver	INFO	Listening on 127.0.0.1:51020
1499162925878	geckodriver::marionette	INFO	Starting browser /Applications/Firefox.app/Contents/MacOS/firefox-bin with args ["-marionette"]
1499162927585	Marionette	INFO	Listening on port 51029
1499162927666	Marionette	WARN	TLS certificate errors will be ignored for this session
1499162927829	Marionette	DEBUG	loaded listener.js
1499162927861	Marionette	DEBUG	Received DOM event "beforeunload" for "about:blank"
2017-07-04 18:08:47.904 plugin-container[32874:6661545] *** CFMessagePort: bootstrap_register(): failed 1100 (0x44c) 'Permission denied', port = 0x9e37, name = 'com.apple.tsm.portname'
See /usr/include/servers/bootstrap_defs.h for the error codes.
2017-07-04 18:08:47.905 plugin-container[32874:6661545] *** CFMessagePort: bootstrap_register(): failed 1100 (0x44c) 'Permission denied', port = 0xa203, name = 'com.apple.CFPasteboardClient'
See /usr/include/servers/bootstrap_defs.h for the error codes.
1499162928026	Marionette	DEBUG	Received DOM event "pagehide" for "about:blank"
1499162928027	Marionette	DEBUG	Received DOM event "unload" for "about:blank"
JavaScript error: https://ss1.bdstatic.com/5eN1bjq8AAUYm2zgoY3K/r/www/cache/static/protocol/https/plugins/every_cookie_mac_82990d4.js, line 4: ReferenceError: c is not defined
1499162928595	Marionette	DEBUG	Received DOM event "DOMContentLoaded" for "https://www.baidu.com/s?ie=UTF-8&wd=%E9%99%88%E7%A3%8A%E6%99%B6"
1499162928643	Marionette	DEBUG	Received DOM event "pageshow" for "https://www.baidu.com/s?ie=UTF-8&wd=%E9%99%88%E7%A3%8A%E6%99%B6"
1499162928738	geckodriver	INFO	Listening on 127.0.0.1:51090
1499162929794	geckodriver::marionette	INFO	Starting browser /Applications/Firefox.app/Contents/MacOS/firefox-bin with args ["-marionette"]
1499162931746	Marionette	INFO	Listening on port 51099
1499162931811	Marionette	WARN	TLS certificate errors will be ignored for this session
1499162932019	Marionette	DEBUG	loaded listener.js
1499162932061	Marionette	DEBUG	Received DOM event "beforeunload" for "about:blank"
2017-07-04 18:08:52.101 plugin-container[32878:6662388] *** CFMessagePort: bootstrap_register(): failed 1100 (0x44c) 'Permission denied', port = 0x9c3b, name = 'com.apple.tsm.portname'
See /usr/include/servers/bootstrap_defs.h for the error codes.
2017-07-04 18:08:52.102 plugin-container[32878:6662388] *** CFMessagePort: bootstrap_register(): failed 1100 (0x44c) 'Permission denied', port = 0xa003, name = 'com.apple.CFPasteboardClient'
See /usr/include/servers/bootstrap_defs.h for the error codes.
1499162932187	Marionette	DEBUG	Received DOM event "pagehide" for "about:blank"
1499162932187	Marionette	DEBUG	Received DOM event "unload" for "about:blank"
JavaScript error: https://ss1.bdstatic.com/5eN1bjq8AAUYm2zgoY3K/r/www/cache/static/protocol/https/plugins/every_cookie_mac_82990d4.js, line 4: ReferenceError: c is not defined
1499162932715	Marionette	DEBUG	Received DOM event "DOMContentLoaded" for "https://www.baidu.com/s?ie=UTF-8&wd=%E9%99%88%E7%A3%8A%E6%99%B6"
1499162932777	Marionette	DEBUG	Received DOM event "pageshow" for "https://www.baidu.com/s?ie=UTF-8&wd=%E9%99%88%E7%A3%8A%E6%99%B6"
[GFX1-]: Receive IPC close with reason=AbnormalShutdown
1499162956134	geckodriver	INFO	Listening on 127.0.0.1:51171
1499162957185	geckodriver::marionette	INFO	Starting browser /Applications/Firefox.app/Contents/MacOS/firefox-bin with args ["-marionette"]
1499162959221	Marionette	INFO	Listening on port 51180
1499162959298	Marionette	WARN	TLS certificate errors will be ignored for this session
1499162959490	Marionette	DEBUG	loaded listener.js
1499162959532	Marionette	DEBUG	Received DOM event "beforeunload" for "about:blank"
2017-07-04 18:09:19.568 plugin-container[32891:6664223] *** CFMessagePort: bootstrap_register(): failed 1100 (0x44c) 'Permission denied', port = 0x9c3b, name = 'com.apple.tsm.portname'
See /usr/include/servers/bootstrap_defs.h for the error codes.
2017-07-04 18:09:19.569 plugin-container[32891:6664223] *** CFMessagePort: bootstrap_register(): failed 1100 (0x44c) 'Permission denied', port = 0x9f03, name = 'com.apple.CFPasteboardClient'
See /usr/include/servers/bootstrap_defs.h for the error codes.
1499162959663	Marionette	DEBUG	Received DOM event "pagehide" for "about:blank"
1499162959663	Marionette	DEBUG	Received DOM event "unload" for "about:blank"
1499162960236	Marionette	DEBUG	Received DOM event "DOMContentLoaded" for "https://www.baidu.com/s?ie=UTF-8&wd=%E9%99%88%E7%A3%8A%E6%99%B6"
1499162960304	Marionette	DEBUG	Received DOM event "pageshow" for "https://www.baidu.com/s?ie=UTF-8&wd=%E9%99%88%E7%A3%8A%E6%99%B6"
[GFX1-]: Receive IPC close with reason=AbnormalShutdown
1499162960450	geckodriver	INFO	Listening on 127.0.0.1:51247
1499162961529	geckodriver::marionette	INFO	Starting browser /Applications/Firefox.app/Contents/MacOS/firefox-bin with args ["-marionette"]
1499162963775	Marionette	INFO	Listening on port 51256
1499162963880	Marionette	WARN	TLS certificate errors will be ignored for this session
1499162964145	Marionette	DEBUG	loaded listener.js
1499162964207	Marionette	DEBUG	Received DOM event "beforeunload" for "about:blank"
2017-07-04 18:09:24.258 plugin-container[32894:6664986] *** CFMessagePort: bootstrap_register(): failed 1100 (0x44c) 'Permission denied', port = 0x9e3b, name = 'com.apple.tsm.portname'
See /usr/include/servers/bootstrap_defs.h for the error codes.
2017-07-04 18:09:24.259 plugin-container[32894:6664986] *** CFMessagePort: bootstrap_register(): failed 1100 (0x44c) 'Permission denied', port = 0xa203, name = 'com.apple.CFPasteboardClient'
See /usr/include/servers/bootstrap_defs.h for the error codes.
1499162964360	Marionette	DEBUG	Received DOM event "pagehide" for "about:blank"
1499162964361	Marionette	DEBUG	Received DOM event "unload" for "about:blank"
JavaScript error: https://ss1.bdstatic.com/5eN1bjq8AAUYm2zgoY3K/r/www/cache/static/protocol/https/plugins/every_cookie_mac_82990d4.js, line 4: ReferenceError: c is not defined
1499162964948	Marionette	DEBUG	Received DOM event "DOMContentLoaded" for "https://www.baidu.com/s?ie=UTF-8&wd=%E9%99%88%E7%A3%8A%E6%99%B6"
1499162965022	Marionette	DEBUG	Received DOM event "pageshow" for "https://www.baidu.com/s?ie=UTF-8&wd=%E9%99%88%E7%A3%8A%E6%99%B6"
[Child 32894] WARNING: pipe error: Broken pipe: file /builds/slave/m-rel-m64-00000000000000000000/build/src/ipc/chromium/src/chrome/common/ipc_channel_posix.cc, line 702
1499163052115	geckodriver	INFO	Listening on 127.0.0.1:51344
1499163053184	geckodriver::marionette	INFO	Starting browser /Applications/Firefox.app/Contents/MacOS/firefox-bin with args ["-marionette"]
1499163055686	Marionette	INFO	Listening on port 51356
1499163055741	Marionette	WARN	TLS certificate errors will be ignored for this session
1499163055951	Marionette	DEBUG	loaded listener.js
1499163055982	Marionette	DEBUG	Received DOM event "beforeunload" for "about:blank"
2017-07-04 18:10:56.031 plugin-container[32910:6667015] *** CFMessagePort: bootstrap_register(): failed 1100 (0x44c) 'Permission denied', port = 0x9d3b, name = 'com.apple.tsm.portname'
See /usr/include/servers/bootstrap_defs.h for the error codes.
2017-07-04 18:10:56.032 plugin-container[32910:6667015] *** CFMessagePort: bootstrap_register(): failed 1100 (0x44c) 'Permission denied', port = 0xa103, name = 'com.apple.CFPasteboardClient'
See /usr/include/servers/bootstrap_defs.h for the error codes.
1499163056146	Marionette	DEBUG	Received DOM event "pagehide" for "about:blank"
1499163056146	Marionette	DEBUG	Received DOM event "unload" for "about:blank"
*************************
A coding exception was thrown and uncaught in a Task.

Full message: TypeError: NetworkError when attempting to fetch resource.
Full stack: 
*************************
1499163056638	Marionette	DEBUG	Received DOM event "DOMContentLoaded" for "https://www.baidu.com/s?ie=UTF-8&wd=%E9%99%88%E7%A3%8A%E6%99%B6"
1499163058160	Marionette	DEBUG	Received DOM event "pageshow" for "https://www.baidu.com/s?ie=UTF-8&wd=%E9%99%88%E7%A3%8A%E6%99%B6"
[GFX1-]: Receive IPC close with reason=AbnormalShutdown
1499163058244	geckodriver	INFO	Listening on 127.0.0.1:51432
1499163059297	geckodriver::marionette	INFO	Starting browser /Applications/Firefox.app/Contents/MacOS/firefox-bin with args ["-marionette"]
1499163061300	Marionette	INFO	Listening on port 51444
1499163061415	Marionette	WARN	TLS certificate errors will be ignored for this session
1499163061598	Marionette	DEBUG	loaded listener.js
1499163061854	Marionette	DEBUG	Received DOM event "beforeunload" for "about:blank"
2017-07-04 18:11:01.932 plugin-container[32914:6668184] *** CFMessagePort: bootstrap_register(): failed 1100 (0x44c) 'Permission denied', port = 0x9e3b, name = 'com.apple.tsm.portname'
See /usr/include/servers/bootstrap_defs.h for the error codes.
2017-07-04 18:11:01.933 plugin-container[32914:6668184] *** CFMessagePort: bootstrap_register(): failed 1100 (0x44c) 'Permission denied', port = 0xa203, name = 'com.apple.CFPasteboardClient'
See /usr/include/servers/bootstrap_defs.h for the error codes.
1499163062055	Marionette	DEBUG	Received DOM event "pagehide" for "about:blank"
1499163062055	Marionette	DEBUG	Received DOM event "unload" for "about:blank"
JavaScript error: https://ss1.bdstatic.com/5eN1bjq8AAUYm2zgoY3K/r/www/cache/static/protocol/https/plugins/every_cookie_mac_82990d4.js, line 4: ReferenceError: c is not defined
1499163062617	Marionette	DEBUG	Received DOM event "DOMContentLoaded" for "https://www.baidu.com/s?ie=UTF-8&wd=%E9%99%88%E7%A3%8A%E6%99%B6"
1499163062732	Marionette	DEBUG	Received DOM event "pageshow" for "https://www.baidu.com/s?ie=UTF-8&wd=%E9%99%88%E7%A3%8A%E6%99%B6"
[GFX1-]: Receive IPC close with reason=AbnormalShutdown
1499163116325	geckodriver	INFO	Listening on 127.0.0.1:51519
1499163117413	geckodriver::marionette	INFO	Starting browser /Applications/Firefox.app/Contents/MacOS/firefox-bin with args ["-marionette"]
1499163119317	Marionette	INFO	Listening on port 51528
1499163119418	Marionette	WARN	TLS certificate errors will be ignored for this session
1499163119564	Marionette	DEBUG	loaded listener.js
1499163119595	Marionette	DEBUG	Received DOM event "beforeunload" for "about:blank"
2017-07-04 18:11:59.649 plugin-container[32927:6670350] *** CFMessagePort: bootstrap_register(): failed 1100 (0x44c) 'Permission denied', port = 0x9c3b, name = 'com.apple.tsm.portname'
See /usr/include/servers/bootstrap_defs.h for the error codes.
2017-07-04 18:11:59.650 plugin-container[32927:6670350] *** CFMessagePort: bootstrap_register(): failed 1100 (0x44c) 'Permission denied', port = 0xa003, name = 'com.apple.CFPasteboardClient'
See /usr/include/servers/bootstrap_defs.h for the error codes.
1499163119816	Marionette	DEBUG	Received DOM event "pagehide" for "about:blank"
1499163119816	Marionette	DEBUG	Received DOM event "unload" for "about:blank"
JavaScript error: https://ss1.bdstatic.com/5eN1bjq8AAUYm2zgoY3K/r/www/cache/static/protocol/https/plugins/every_cookie_mac_82990d4.js, line 4: ReferenceError: c is not defined
1499163120266	Marionette	DEBUG	Received DOM event "DOMContentLoaded" for "https://www.baidu.com/s?ie=UTF-8&wd=%E9%99%88%E7%A3%8A%E6%99%B6"
1499163120370	Marionette	DEBUG	Received DOM event "pageshow" for "https://www.baidu.com/s?ie=UTF-8&wd=%E9%99%88%E7%A3%8A%E6%99%B6"
[GFX1-]: Receive IPC close with reason=AbnormalShutdown
[Child 32927] WARNING: pipe error: Broken pipe: file /builds/slave/m-rel-m64-00000000000000000000/build/src/ipc/chromium/src/chrome/common/ipc_channel_posix.cc, line 702
1499163123475	geckodriver	INFO	Listening on 127.0.0.1:51601
1499163124534	geckodriver::marionette	INFO	Starting browser /Applications/Firefox.app/Contents/MacOS/firefox-bin with args ["-marionette"]
1499163126556	Marionette	INFO	Listening on port 51610
1499163126662	Marionette	WARN	TLS certificate errors will be ignored for this session
1499163126844	Marionette	DEBUG	loaded listener.js
1499163126879	Marionette	DEBUG	Received DOM event "beforeunload" for "about:blank"
2017-07-04 18:12:06.933 plugin-container[32931:6671342] *** CFMessagePort: bootstrap_register(): failed 1100 (0x44c) 'Permission denied', port = 0x9e3b, name = 'com.apple.tsm.portname'
See /usr/include/servers/bootstrap_defs.h for the error codes.
2017-07-04 18:12:06.934 plugin-container[32931:6671342] *** CFMessagePort: bootstrap_register(): failed 1100 (0x44c) 'Permission denied', port = 0xa203, name = 'com.apple.CFPasteboardClient'
See /usr/include/servers/bootstrap_defs.h for the error codes.
1499163127007	Marionette	DEBUG	Received DOM event "pagehide" for "about:blank"
1499163127007	Marionette	DEBUG	Received DOM event "unload" for "about:blank"
1499163127525	Marionette	DEBUG	Received DOM event "DOMContentLoaded" for "https://www.baidu.com/s?ie=UTF-8&wd=%E9%99%88%E7%A3%8A%E6%99%B6"
1499163127593	Marionette	DEBUG	Received DOM event "pageshow" for "https://www.baidu.com/s?ie=UTF-8&wd=%E9%99%88%E7%A3%8A%E6%99%B6"
console.error: PushService: 
  Failed to drop expired registrations on idle
  UnknownError
1499220911017	geckodriver	INFO	Listening on 127.0.0.1:56917
1499220912091	geckodriver::marionette	INFO	Starting browser /Applications/Firefox.app/Contents/MacOS/firefox-bin with args ["-marionette"]
1499220914094	Marionette	INFO	Listening on port 56926
1499220914202	Marionette	WARN	TLS certificate errors will be ignored for this session
1499220914383	Marionette	DEBUG	loaded listener.js
1499220914424	Marionette	DEBUG	Received DOM event "beforeunload" for "about:blank"
2017-07-05 10:15:14.462 plugin-container[33793:6754505] *** CFMessagePort: bootstrap_register(): failed 1100 (0x44c) 'Permission denied', port = 0x9e3b, name = 'com.apple.tsm.portname'
See /usr/include/servers/bootstrap_defs.h for the error codes.
2017-07-05 10:15:14.462 plugin-container[33793:6754505] *** CFMessagePort: bootstrap_register(): failed 1100 (0x44c) 'Permission denied', port = 0xa103, name = 'com.apple.CFPasteboardClient'
See /usr/include/servers/bootstrap_defs.h for the error codes.
1499220914623	Marionette	DEBUG	Received DOM event "pagehide" for "about:blank"
1499220914624	Marionette	DEBUG	Received DOM event "unload" for "about:blank"
JavaScript error: https://ss1.bdstatic.com/5eN1bjq8AAUYm2zgoY3K/r/www/cache/static/protocol/https/plugins/every_cookie_mac_82990d4.js, line 4: ReferenceError: c is not defined
1499220914893	Marionette	DEBUG	Received DOM event "DOMContentLoaded" for "https://www.baidu.com/index.php?tn=28035039_3_pg&ld=www.baidu.com/index.php~tn=28035039_3_pg!ld=www.baidu.com/"
1499220915325	Marionette	DEBUG	Received DOM event "pageshow" for "https://www.baidu.com/index.php?tn=28035039_3_pg&ld=www.baidu.com/index.php~tn=28035039_3_pg!ld=www.baidu.com/"
[GFX1-]: Receive IPC close with reason=AbnormalShutdown
1499220920403	geckodriver	INFO	Listening on 127.0.0.1:56992
1499220921561	geckodriver::marionette	INFO	Starting browser /Applications/Firefox.app/Contents/MacOS/firefox-bin with args ["-marionette"]
1499220923965	Marionette	INFO	Listening on port 57001
1499220924026	Marionette	WARN	TLS certificate errors will be ignored for this session
1499220924299	Marionette	DEBUG	loaded listener.js
1499220924334	Marionette	DEBUG	Received DOM event "beforeunload" for "about:blank"
2017-07-05 10:15:24.409 plugin-container[33797:6755292] *** CFMessagePort: bootstrap_register(): failed 1100 (0x44c) 'Permission denied', port = 0x9e3b, name = 'com.apple.tsm.portname'
See /usr/include/servers/bootstrap_defs.h for the error codes.
2017-07-05 10:15:24.409 plugin-container[33797:6755292] *** CFMessagePort: bootstrap_register(): failed 1100 (0x44c) 'Permission denied', port = 0xa103, name = 'com.apple.CFPasteboardClient'
See /usr/include/servers/bootstrap_defs.h for the error codes.
1499220924493	Marionette	DEBUG	Received DOM event "pagehide" for "about:blank"
1499220924493	Marionette	DEBUG	Received DOM event "unload" for "about:blank"
JavaScript error: https://ss1.bdstatic.com/5eN1bjq8AAUYm2zgoY3K/r/www/cache/static/protocol/https/plugins/every_cookie_mac_82990d4.js, line 4: ReferenceError: c is not defined
1499220924825	Marionette	DEBUG	Received DOM event "DOMContentLoaded" for "https://www.baidu.com/"
1499220924875	Marionette	DEBUG	Received DOM event "pageshow" for "https://www.baidu.com/"
1499221262343	geckodriver	INFO	Listening on 127.0.0.1:57203
1499221263408	geckodriver::marionette	INFO	Starting browser /Applications/Firefox.app/Contents/MacOS/firefox-bin with args ["-marionette"]
1499221265412	Marionette	INFO	Listening on port 57212
1499221265524	Marionette	WARN	TLS certificate errors will be ignored for this session
1499221265697	Marionette	DEBUG	loaded listener.js
1499221265724	Marionette	DEBUG	Received DOM event "beforeunload" for "about:blank"
2017-07-05 10:21:05.771 plugin-container[33862:6761748] *** CFMessagePort: bootstrap_register(): failed 1100 (0x44c) 'Permission denied', port = 0x9a0b, name = 'com.apple.tsm.portname'
See /usr/include/servers/bootstrap_defs.h for the error codes.
2017-07-05 10:21:05.772 plugin-container[33862:6761748] *** CFMessagePort: bootstrap_register(): failed 1100 (0x44c) 'Permission denied', port = 0xa203, name = 'com.apple.CFPasteboardClient'
See /usr/include/servers/bootstrap_defs.h for the error codes.
1499221266857	Marionette	DEBUG	Received DOM event "pagehide" for "about:blank"
1499221266858	Marionette	DEBUG	Received DOM event "unload" for "about:blank"
JavaScript error: https://ss1.bdstatic.com/5eN1bjq8AAUYm2zgoY3K/r/www/cache/static/protocol/https/plugins/every_cookie_mac_82990d4.js, line 4: ReferenceError: c is not defined
1499221267762	Marionette	DEBUG	Received DOM event "DOMContentLoaded" for "https://www.baidu.com/s?ie=UTF-8&wd=something"
1499221267867	Marionette	DEBUG	Received DOM event "pageshow" for "https://www.baidu.com/s?ie=UTF-8&wd=something"
1499221272988	geckodriver	INFO	Listening on 127.0.0.1:57293
1499221274036	geckodriver::marionette	INFO	Starting browser /Applications/Firefox.app/Contents/MacOS/firefox-bin with args ["-marionette"]
1499221275782	Marionette	INFO	Listening on port 57302
1499221275830	Marionette	WARN	TLS certificate errors will be ignored for this session
1499221276020	Marionette	DEBUG	loaded listener.js
1499221276046	Marionette	DEBUG	Received DOM event "beforeunload" for "about:blank"
2017-07-05 10:21:16.092 plugin-container[33866:6762519] *** CFMessagePort: bootstrap_register(): failed 1100 (0x44c) 'Permission denied', port = 0x9e3b, name = 'com.apple.tsm.portname'
See /usr/include/servers/bootstrap_defs.h for the error codes.
2017-07-05 10:21:16.092 plugin-container[33866:6762519] *** CFMessagePort: bootstrap_register(): failed 1100 (0x44c) 'Permission denied', port = 0xa203, name = 'com.apple.CFPasteboardClient'
See /usr/include/servers/bootstrap_defs.h for the error codes.
1499221276180	Marionette	DEBUG	Received DOM event "pagehide" for "about:blank"
1499221276180	Marionette	DEBUG	Received DOM event "unload" for "about:blank"
1499221276966	Marionette	DEBUG	Received DOM event "DOMContentLoaded" for "https://www.baidu.com/s?ie=UTF-8&wd=one"
1499221277206	Marionette	DEBUG	Received DOM event "pageshow" for "https://www.baidu.com/s?ie=UTF-8&wd=one"
[GFX1-]: Receive IPC close with reason=AbnormalShutdown
1499221356906	geckodriver	INFO	Listening on 127.0.0.1:57404
1499221357959	geckodriver::marionette	INFO	Starting browser /Applications/Firefox.app/Contents/MacOS/firefox-bin with args ["-marionette"]
1499221359613	Marionette	INFO	Listening on port 57413
1499221359661	Marionette	WARN	TLS certificate errors will be ignored for this session
1499221359858	Marionette	DEBUG	loaded listener.js
1499221359897	Marionette	DEBUG	Received DOM event "beforeunload" for "about:blank"
2017-07-05 10:22:39.932 plugin-container[33879:6764792] *** CFMessagePort: bootstrap_register(): failed 1100 (0x44c) 'Permission denied', port = 0x9e3b, name = 'com.apple.tsm.portname'
See /usr/include/servers/bootstrap_defs.h for the error codes.
2017-07-05 10:22:39.932 plugin-container[33879:6764792] *** CFMessagePort: bootstrap_register(): failed 1100 (0x44c) 'Permission denied', port = 0xa203, name = 'com.apple.CFPasteboardClient'
See /usr/include/servers/bootstrap_defs.h for the error codes.
1499221360015	Marionette	DEBUG	Received DOM event "pagehide" for "about:blank"
1499221360016	Marionette	DEBUG	Received DOM event "unload" for "about:blank"
1499221360769	Marionette	DEBUG	Received DOM event "DOMContentLoaded" for "https://www.baidu.com/s?ie=UTF-8&wd=something"
1499221360854	Marionette	DEBUG	Received DOM event "pageshow" for "https://www.baidu.com/s?ie=UTF-8&wd=something"
1499221365981	geckodriver	INFO	Listening on 127.0.0.1:57488
1499221367028	geckodriver::marionette	INFO	Starting browser /Applications/Firefox.app/Contents/MacOS/firefox-bin with args ["-marionette"]
1499221368779	Marionette	INFO	Listening on port 57497
1499221368826	Marionette	WARN	TLS certificate errors will be ignored for this session
1499221369028	Marionette	DEBUG	loaded listener.js
1499221369067	Marionette	DEBUG	Received DOM event "beforeunload" for "about:blank"
2017-07-05 10:22:49.113 plugin-container[33883:6765531] *** CFMessagePort: bootstrap_register(): failed 1100 (0x44c) 'Permission denied', port = 0x9e3b, name = 'com.apple.tsm.portname'
See /usr/include/servers/bootstrap_defs.h for the error codes.
2017-07-05 10:22:49.114 plugin-container[33883:6765531] *** CFMessagePort: bootstrap_register(): failed 1100 (0x44c) 'Permission denied', port = 0xa203, name = 'com.apple.CFPasteboardClient'
See /usr/include/servers/bootstrap_defs.h for the error codes.
1499221369203	Marionette	DEBUG	Received DOM event "pagehide" for "about:blank"
1499221369203	Marionette	DEBUG	Received DOM event "unload" for "about:blank"
JavaScript error: https://ss1.bdstatic.com/5eN1bjq8AAUYm2zgoY3K/r/www/cache/static/protocol/https/plugins/every_cookie_mac_82990d4.js, line 4: ReferenceError: c is not defined
1499221370217	Marionette	DEBUG	Received DOM event "DOMContentLoaded" for "https://www.baidu.com/s?ie=UTF-8&wd=one"
1499221370459	Marionette	DEBUG	Received DOM event "pageshow" for "https://www.baidu.com/s?ie=UTF-8&wd=one"
[GFX1-]: Receive IPC close with reason=AbnormalShutdown
1499221403544	geckodriver	INFO	Listening on 127.0.0.1:57584
1499221404596	geckodriver::marionette	INFO	Starting browser /Applications/Firefox.app/Contents/MacOS/firefox-bin with args ["-marionette"]
1499221406262	Marionette	INFO	Listening on port 57595
1499221406313	Marionette	WARN	TLS certificate errors will be ignored for this session
1499221406518	Marionette	DEBUG	loaded listener.js
1499221406590	Marionette	DEBUG	Received DOM event "beforeunload" for "about:blank"
2017-07-05 10:23:26.612 plugin-container[33895:6767074] *** CFMessagePort: bootstrap_register(): failed 1100 (0x44c) 'Permission denied', port = 0x9c3b, name = 'com.apple.tsm.portname'
See /usr/include/servers/bootstrap_defs.h for the error codes.
2017-07-05 10:23:26.613 plugin-container[33895:6767074] *** CFMessagePort: bootstrap_register(): failed 1100 (0x44c) 'Permission denied', port = 0xa003, name = 'com.apple.CFPasteboardClient'
See /usr/include/servers/bootstrap_defs.h for the error codes.
1499221406695	Marionette	DEBUG	Received DOM event "pagehide" for "about:blank"
1499221406696	Marionette	DEBUG	Received DOM event "unload" for "about:blank"
JavaScript error: https://ss1.bdstatic.com/5eN1bjq8AAUYm2zgoY3K/r/www/cache/static/protocol/https/plugins/every_cookie_mac_82990d4.js, line 4: ReferenceError: c is not defined
1499221407415	Marionette	DEBUG	Received DOM event "DOMContentLoaded" for "https://www.baidu.com/s?ie=UTF-8&wd=something"
1499221408072	Marionette	DEBUG	Received DOM event "pageshow" for "https://www.baidu.com/s?ie=UTF-8&wd=something"
1499221413175	geckodriver	INFO	Listening on 127.0.0.1:57671
1499221414226	geckodriver::marionette	INFO	Starting browser /Applications/Firefox.app/Contents/MacOS/firefox-bin with args ["-marionette"]
1499221415919	Marionette	INFO	Listening on port 57680
1499221416019	Marionette	WARN	TLS certificate errors will be ignored for this session
1499221416167	Marionette	DEBUG	loaded listener.js
1499221416195	Marionette	DEBUG	Received DOM event "beforeunload" for "about:blank"
2017-07-05 10:23:36.237 plugin-container[33898:6767716] *** CFMessagePort: bootstrap_register(): failed 1100 (0x44c) 'Permission denied', port = 0x9e3b, name = 'com.apple.tsm.portname'
See /usr/include/servers/bootstrap_defs.h for the error codes.
2017-07-05 10:23:36.238 plugin-container[33898:6767716] *** CFMessagePort: bootstrap_register(): failed 1100 (0x44c) 'Permission denied', port = 0xa203, name = 'com.apple.CFPasteboardClient'
See /usr/include/servers/bootstrap_defs.h for the error codes.
1499221416317	Marionette	DEBUG	Received DOM event "pagehide" for "about:blank"
1499221416317	Marionette	DEBUG	Received DOM event "unload" for "about:blank"
1499221417258	Marionette	DEBUG	Received DOM event "DOMContentLoaded" for "https://www.baidu.com/s?ie=UTF-8&wd=one"
1499221417369	Marionette	DEBUG	Received DOM event "pageshow" for "https://www.baidu.com/s?ie=UTF-8&wd=one"
[GFX1-]: Receive IPC close with reason=AbnormalShutdown
[Child 33898] WARNING: pipe error: Broken pipe: file /builds/slave/m-rel-m64-00000000000000000000/build/src/ipc/chromium/src/chrome/common/ipc_channel_posix.cc, line 702
2017-07-05 17:44:59.593 plugin-container[34700:7039204] *** CFMessagePort: bootstrap_register(): failed 1100 (0x44c) 'Permission denied', port = 0x9e3b, name = 'com.apple.tsm.portname'
See /usr/include/servers/bootstrap_defs.h for the error codes.
2017-07-05 17:44:59.594 plugin-container[34700:7039204] *** CFMessagePort: bootstrap_register(): failed 1100 (0x44c) 'Permission denied', port = 0xa203, name = 'com.apple.CFPasteboardClient'
See /usr/include/servers/bootstrap_defs.h for the error codes.
*************************
A coding exception was thrown and uncaught in a Task.

Full message: TypeError: NetworkError when attempting to fetch resource.
Full stack: 
*************************
2017-07-05 19:57:58.736 plugin-container[34912:7124705] *** CFMessagePort: bootstrap_register(): failed 1100 (0x44c) 'Permission denied', port = 0x9e3b, name = 'com.apple.tsm.portname'
See /usr/include/servers/bootstrap_defs.h for the error codes.
2017-07-05 19:57:58.742 plugin-container[34912:7124705] *** CFMessagePort: bootstrap_register(): failed 1100 (0x44c) 'Permission denied', port = 0xa203, name = 'com.apple.CFPasteboardClient'
See /usr/include/servers/bootstrap_defs.h for the error codes.
JavaScript error: resource://gre/modules/Sqlite.jsm, line 1043: TypeError: connection is null
Couldn't get database handle: Error: Could not clone connection: 2152857621
*************************
A coding exception was thrown and uncaught in a Task.

Full message: TypeError: conn is undefined
Full stack: _matchKnownUrl@resource://gre/components/UnifiedComplete.js:1351:5
TaskImpl_run@resource://gre/modules/Task.jsm:319:42
TaskImpl@resource://gre/modules/Task.jsm:277:3
asyncFunction@resource://gre/modules/Task.jsm:252:14
Task_spawn@resource://gre/modules/Task.jsm:166:12
TaskImpl_handleResultValue@resource://gre/modules/Task.jsm:389:16
TaskImpl_run@resource://gre/modules/Task.jsm:327:15
process@resource://gre/modules/Promise.jsm -> resource://gre/modules/Promise-backend.js:922:23
walkerLoop@resource://gre/modules/Promise.jsm -> resource://gre/modules/Promise-backend.js:806:7
scheduleWalkerLoop/<@resource://gre/modules/Promise.jsm -> resource://gre/modules/Promise-backend.js:742:11

*************************
*************************
A coding exception was thrown and uncaught in a Task.

Full message: TypeError: conn is undefined
Full stack: _matchKnownUrl@resource://gre/components/UnifiedComplete.js:1351:5
TaskImpl_run@resource://gre/modules/Task.jsm:319:42
TaskImpl@resource://gre/modules/Task.jsm:277:3
asyncFunction@resource://gre/modules/Task.jsm:252:14
Task_spawn@resource://gre/modules/Task.jsm:166:12
TaskImpl_handleResultValue@resource://gre/modules/Task.jsm:389:16
TaskImpl_run@resource://gre/modules/Task.jsm:327:15
process@resource://gre/modules/Promise.jsm -> resource://gre/modules/Promise-backend.js:922:23
walkerLoop@resource://gre/modules/Promise.jsm -> resource://gre/modules/Promise-backend.js:806:7
scheduleWalkerLoop/<@resource://gre/modules/Promise.jsm -> resource://gre/modules/Promise-backend.js:742:11

*************************
*************************
A coding exception was thrown and uncaught in a Task.

Full message: TypeError: conn is undefined
Full stack: _matchKnownUrl@resource://gre/components/UnifiedComplete.js:1351:5
TaskImpl_run@resource://gre/modules/Task.jsm:319:42
TaskImpl@resource://gre/modules/Task.jsm:277:3
asyncFunction@resource://gre/modules/Task.jsm:252:14
Task_spawn@resource://gre/modules/Task.jsm:166:12
TaskImpl_handleResultValue@resource://gre/modules/Task.jsm:389:16
TaskImpl_run@resource://gre/modules/Task.jsm:327:15
process@resource://gre/modules/Promise.jsm -> resource://gre/modules/Promise-backend.js:922:23
walkerLoop@resource://gre/modules/Promise.jsm -> resource://gre/modules/Promise-backend.js:806:7
scheduleWalkerLoop/<@resource://gre/modules/Promise.jsm -> resource://gre/modules/Promise-backend.js:742:11

*************************
Query failed: TypeError: conn is undefined
*************************
A coding exception was thrown and uncaught in a Task.

Full message: TypeError: conn is undefined
Full stack: _matchKnownUrl@resource://gre/components/UnifiedComplete.js:1351:5
TaskImpl_run@resource://gre/modules/Task.jsm:319:42
TaskImpl@resource://gre/modules/Task.jsm:277:3
asyncFunction@resource://gre/modules/Task.jsm:252:14
Task_spawn@resource://gre/modules/Task.jsm:166:12
TaskImpl_handleResultValue@resource://gre/modules/Task.jsm:389:16
TaskImpl_run@resource://gre/modules/Task.jsm:327:15
process@resource://gre/modules/Promise.jsm -> resource://gre/modules/Promise-backend.js:922:23
walkerLoop@resource://gre/modules/Promise.jsm -> resource://gre/modules/Promise-backend.js:806:7
scheduleWalkerLoop/<@resource://gre/modules/Promise.jsm -> resource://gre/modules/Promise-backend.js:742:11

*************************
*************************
A coding exception was thrown and uncaught in a Task.

Full message: TypeError: conn is undefined
Full stack: _matchKnownUrl@resource://gre/components/UnifiedComplete.js:1351:5
TaskImpl_run@resource://gre/modules/Task.jsm:319:42
TaskImpl@resource://gre/modules/Task.jsm:277:3
asyncFunction@resource://gre/modules/Task.jsm:252:14
Task_spawn@resource://gre/modules/Task.jsm:166:12
TaskImpl_handleResultValue@resource://gre/modules/Task.jsm:389:16
TaskImpl_run@resource://gre/modules/Task.jsm:327:15
process@resource://gre/modules/Promise.jsm -> resource://gre/modules/Promise-backend.js:922:23
walkerLoop@resource://gre/modules/Promise.jsm -> resource://gre/modules/Promise-backend.js:806:7
scheduleWalkerLoop/<@resource://gre/modules/Promise.jsm -> resource://gre/modules/Promise-backend.js:742:11

*************************
*************************
A coding exception was thrown and uncaught in a Task.

Full message: TypeError: conn is undefined
Full stack: _matchKnownUrl@resource://gre/components/UnifiedComplete.js:1351:5
TaskImpl_run@resource://gre/modules/Task.jsm:319:42
TaskImpl@resource://gre/modules/Task.jsm:277:3
asyncFunction@resource://gre/modules/Task.jsm:252:14
Task_spawn@resource://gre/modules/Task.jsm:166:12
TaskImpl_handleResultValue@resource://gre/modules/Task.jsm:389:16
TaskImpl_run@resource://gre/modules/Task.jsm:327:15
process@resource://gre/modules/Promise.jsm -> resource://gre/modules/Promise-backend.js:922:23
walkerLoop@resource://gre/modules/Promise.jsm -> resource://gre/modules/Promise-backend.js:806:7
scheduleWalkerLoop/<@resource://gre/modules/Promise.jsm -> resource://gre/modules/Promise-backend.js:742:11

*************************
Query failed: TypeError: conn is undefined
*************************
A coding exception was thrown and uncaught in a Task.

Full message: TypeError: conn is undefined
Full stack: _matchKnownUrl@resource://gre/components/UnifiedComplete.js:1351:5
TaskImpl_run@resource://gre/modules/Task.jsm:319:42
TaskImpl@resource://gre/modules/Task.jsm:277:3
asyncFunction@resource://gre/modules/Task.jsm:252:14
Task_spawn@resource://gre/modules/Task.jsm:166:12
TaskImpl_handleResultValue@resource://gre/modules/Task.jsm:389:16
TaskImpl_run@resource://gre/modules/Task.jsm:327:15
process@resource://gre/modules/Promise.jsm -> resource://gre/modules/Promise-backend.js:922:23
walkerLoop@resource://gre/modules/Promise.jsm -> resource://gre/modules/Promise-backend.js:806:7
scheduleWalkerLoop/<@resource://gre/modules/Promise.jsm -> resource://gre/modules/Promise-backend.js:742:11

*************************
*************************
A coding exception was thrown and uncaught in a Task.

Full message: TypeError: conn is undefined
Full stack: _matchKnownUrl@resource://gre/components/UnifiedComplete.js:1351:5
TaskImpl_run@resource://gre/modules/Task.jsm:319:42
TaskImpl@resource://gre/modules/Task.jsm:277:3
asyncFunction@resource://gre/modules/Task.jsm:252:14
Task_spawn@resource://gre/modules/Task.jsm:166:12
TaskImpl_handleResultValue@resource://gre/modules/Task.jsm:389:16
TaskImpl_run@resource://gre/modules/Task.jsm:327:15
process@resource://gre/modules/Promise.jsm -> resource://gre/modules/Promise-backend.js:922:23
walkerLoop@resource://gre/modules/Promise.jsm -> resource://gre/modules/Promise-backend.js:806:7
scheduleWalkerLoop/<@resource://gre/modules/Promise.jsm -> resource://gre/modules/Promise-backend.js:742:11

*************************
*************************
A coding exception was thrown and uncaught in a Task.

Full message: TypeError: conn is undefined
Full stack: _matchKnownUrl@resource://gre/components/UnifiedComplete.js:1351:5
TaskImpl_run@resource://gre/modules/Task.jsm:319:42
TaskImpl@resource://gre/modules/Task.jsm:277:3
asyncFunction@resource://gre/modules/Task.jsm:252:14
Task_spawn@resource://gre/modules/Task.jsm:166:12
TaskImpl_handleResultValue@resource://gre/modules/Task.jsm:389:16
TaskImpl_run@resource://gre/modules/Task.jsm:327:15
process@resource://gre/modules/Promise.jsm -> resource://gre/modules/Promise-backend.js:922:23
walkerLoop@resource://gre/modules/Promise.jsm -> resource://gre/modules/Promise-backend.js:806:7
scheduleWalkerLoop/<@resource://gre/modules/Promise.jsm -> resource://gre/modules/Promise-backend.js:742:11

*************************
Query failed: TypeError: conn is undefined
*************************
A coding exception was thrown and uncaught in a Task.

Full message: TypeError: conn is undefined
Full stack: Search.prototype.execute<@resource://gre/components/UnifiedComplete.js:1010:7
TaskImpl_run@resource://gre/modules/Task.jsm:319:42

*************************
Query failed: TypeError: conn is undefined
*************************
A coding exception was thrown and uncaught in a Task.

Full message: TypeError: conn is undefined
Full stack: _matchKnownUrl@resource://gre/components/UnifiedComplete.js:1351:5
TaskImpl_run@resource://gre/modules/Task.jsm:319:42
TaskImpl@resource://gre/modules/Task.jsm:277:3
asyncFunction@resource://gre/modules/Task.jsm:252:14
Task_spawn@resource://gre/modules/Task.jsm:166:12
TaskImpl_handleResultValue@resource://gre/modules/Task.jsm:389:16
TaskImpl_run@resource://gre/modules/Task.jsm:327:15
process@resource://gre/modules/Promise.jsm -> resource://gre/modules/Promise-backend.js:922:23
walkerLoop@resource://gre/modules/Promise.jsm -> resource://gre/modules/Promise-backend.js:806:7
scheduleWalkerLoop/<@resource://gre/modules/Promise.jsm -> resource://gre/modules/Promise-backend.js:742:11

*************************
*************************
A coding exception was thrown and uncaught in a Task.

Full message: TypeError: conn is undefined
Full stack: _matchKnownUrl@resource://gre/components/UnifiedComplete.js:1351:5
TaskImpl_run@resource://gre/modules/Task.jsm:319:42
TaskImpl@resource://gre/modules/Task.jsm:277:3
asyncFunction@resource://gre/modules/Task.jsm:252:14
Task_spawn@resource://gre/modules/Task.jsm:166:12
TaskImpl_handleResultValue@resource://gre/modules/Task.jsm:389:16
TaskImpl_run@resource://gre/modules/Task.jsm:327:15
process@resource://gre/modules/Promise.jsm -> resource://gre/modules/Promise-backend.js:922:23
walkerLoop@resource://gre/modules/Promise.jsm -> resource://gre/modules/Promise-backend.js:806:7
scheduleWalkerLoop/<@resource://gre/modules/Promise.jsm -> resource://gre/modules/Promise-backend.js:742:11

*************************
*************************
A coding exception was thrown and uncaught in a Task.

Full message: TypeError: conn is undefined
Full stack: _matchKnownUrl@resource://gre/components/UnifiedComplete.js:1351:5
TaskImpl_run@resource://gre/modules/Task.jsm:319:42
TaskImpl@resource://gre/modules/Task.jsm:277:3
asyncFunction@resource://gre/modules/Task.jsm:252:14
Task_spawn@resource://gre/modules/Task.jsm:166:12
TaskImpl_handleResultValue@resource://gre/modules/Task.jsm:389:16
TaskImpl_run@resource://gre/modules/Task.jsm:327:15
process@resource://gre/modules/Promise.jsm -> resource://gre/modules/Promise-backend.js:922:23
walkerLoop@resource://gre/modules/Promise.jsm -> resource://gre/modules/Promise-backend.js:806:7
scheduleWalkerLoop/<@resource://gre/modules/Promise.jsm -> resource://gre/modules/Promise-backend.js:742:11

*************************
Query failed: TypeError: conn is undefined
*************************
A coding exception was thrown and uncaught in a Task.

Full message: TypeError: conn is undefined
Full stack: _matchKnownUrl@resource://gre/components/UnifiedComplete.js:1351:5
TaskImpl_run@resource://gre/modules/Task.jsm:319:42
TaskImpl@resource://gre/modules/Task.jsm:277:3
asyncFunction@resource://gre/modules/Task.jsm:252:14
Task_spawn@resource://gre/modules/Task.jsm:166:12
TaskImpl_handleResultValue@resource://gre/modules/Task.jsm:389:16
TaskImpl_run@resource://gre/modules/Task.jsm:327:15
process@resource://gre/modules/Promise.jsm -> resource://gre/modules/Promise-backend.js:922:23
walkerLoop@resource://gre/modules/Promise.jsm -> resource://gre/modules/Promise-backend.js:806:7
scheduleWalkerLoop/<@resource://gre/modules/Promise.jsm -> resource://gre/modules/Promise-backend.js:742:11

*************************
*************************
A coding exception was thrown and uncaught in a Task.

Full message: TypeError: conn is undefined
Full stack: _matchKnownUrl@resource://gre/components/UnifiedComplete.js:1351:5
TaskImpl_run@resource://gre/modules/Task.jsm:319:42
TaskImpl@resource://gre/modules/Task.jsm:277:3
asyncFunction@resource://gre/modules/Task.jsm:252:14
Task_spawn@resource://gre/modules/Task.jsm:166:12
TaskImpl_handleResultValue@resource://gre/modules/Task.jsm:389:16
TaskImpl_run@resource://gre/modules/Task.jsm:327:15
process@resource://gre/modules/Promise.jsm -> resource://gre/modules/Promise-backend.js:922:23
walkerLoop@resource://gre/modules/Promise.jsm -> resource://gre/modules/Promise-backend.js:806:7
scheduleWalkerLoop/<@resource://gre/modules/Promise.jsm -> resource://gre/modules/Promise-backend.js:742:11

*************************
*************************
A coding exception was thrown and uncaught in a Task.

Full message: TypeError: conn is undefined
Full stack: _matchKnownUrl@resource://gre/components/UnifiedComplete.js:1351:5
TaskImpl_run@resource://gre/modules/Task.jsm:319:42
TaskImpl@resource://gre/modules/Task.jsm:277:3
asyncFunction@resource://gre/modules/Task.jsm:252:14
Task_spawn@resource://gre/modules/Task.jsm:166:12
TaskImpl_handleResultValue@resource://gre/modules/Task.jsm:389:16
TaskImpl_run@resource://gre/modules/Task.jsm:327:15
process@resource://gre/modules/Promise.jsm -> resource://gre/modules/Promise-backend.js:922:23
walkerLoop@resource://gre/modules/Promise.jsm -> resource://gre/modules/Promise-backend.js:806:7
scheduleWalkerLoop/<@resource://gre/modules/Promise.jsm -> resource://gre/modules/Promise-backend.js:742:11

*************************
Query failed: TypeError: conn is undefined
*************************
A coding exception was thrown and uncaught in a Task.

Full message: TypeError: conn is undefined
Full stack: _matchKnownUrl@resource://gre/components/UnifiedComplete.js:1351:5
TaskImpl_run@resource://gre/modules/Task.jsm:319:42
TaskImpl@resource://gre/modules/Task.jsm:277:3
asyncFunction@resource://gre/modules/Task.jsm:252:14
Task_spawn@resource://gre/modules/Task.jsm:166:12
TaskImpl_handleResultValue@resource://gre/modules/Task.jsm:389:16
TaskImpl_run@resource://gre/modules/Task.jsm:327:15
process@resource://gre/modules/Promise.jsm -> resource://gre/modules/Promise-backend.js:922:23
walkerLoop@resource://gre/modules/Promise.jsm -> resource://gre/modules/Promise-backend.js:806:7
scheduleWalkerLoop/<@resource://gre/modules/Promise.jsm -> resource://gre/modules/Promise-backend.js:742:11

*************************
*************************
A coding exception was thrown and uncaught in a Task.

Full message: TypeError: conn is undefined
Full stack: _matchKnownUrl@resource://gre/components/UnifiedComplete.js:1351:5
TaskImpl_run@resource://gre/modules/Task.jsm:319:42
TaskImpl@resource://gre/modules/Task.jsm:277:3
asyncFunction@resource://gre/modules/Task.jsm:252:14
Task_spawn@resource://gre/modules/Task.jsm:166:12
TaskImpl_handleResultValue@resource://gre/modules/Task.jsm:389:16
TaskImpl_run@resource://gre/modules/Task.jsm:327:15
process@resource://gre/modules/Promise.jsm -> resource://gre/modules/Promise-backend.js:922:23
walkerLoop@resource://gre/modules/Promise.jsm -> resource://gre/modules/Promise-backend.js:806:7
scheduleWalkerLoop/<@resource://gre/modules/Promise.jsm -> resource://gre/modules/Promise-backend.js:742:11

*************************
*************************
A coding exception was thrown and uncaught in a Task.

Full message: TypeError: conn is undefined
Full stack: _matchKnownUrl@resource://gre/components/UnifiedComplete.js:1351:5
TaskImpl_run@resource://gre/modules/Task.jsm:319:42
TaskImpl@resource://gre/modules/Task.jsm:277:3
asyncFunction@resource://gre/modules/Task.jsm:252:14
Task_spawn@resource://gre/modules/Task.jsm:166:12
TaskImpl_handleResultValue@resource://gre/modules/Task.jsm:389:16
TaskImpl_run@resource://gre/modules/Task.jsm:327:15
process@resource://gre/modules/Promise.jsm -> resource://gre/modules/Promise-backend.js:922:23
walkerLoop@resource://gre/modules/Promise.jsm -> resource://gre/modules/Promise-backend.js:806:7
scheduleWalkerLoop/<@resource://gre/modules/Promise.jsm -> resource://gre/modules/Promise-backend.js:742:11

*************************
Query failed: TypeError: conn is undefined
*************************
A coding exception was thrown and uncaught in a Task.

Full message: TypeError: conn is undefined
Full stack: _matchKnownUrl@resource://gre/components/UnifiedComplete.js:1351:5
TaskImpl_run@resource://gre/modules/Task.jsm:319:42
TaskImpl@resource://gre/modules/Task.jsm:277:3
asyncFunction@resource://gre/modules/Task.jsm:252:14
Task_spawn@resource://gre/modules/Task.jsm:166:12
TaskImpl_handleResultValue@resource://gre/modules/Task.jsm:389:16
TaskImpl_run@resource://gre/modules/Task.jsm:327:15
process@resource://gre/modules/Promise.jsm -> resource://gre/modules/Promise-backend.js:922:23
walkerLoop@resource://gre/modules/Promise.jsm -> resource://gre/modules/Promise-backend.js:806:7
scheduleWalkerLoop/<@resource://gre/modules/Promise.jsm -> resource://gre/modules/Promise-backend.js:742:11

*************************
*************************
A coding exception was thrown and uncaught in a Task.

Full message: TypeError: conn is undefined
Full stack: _matchKnownUrl@resource://gre/components/UnifiedComplete.js:1351:5
TaskImpl_run@resource://gre/modules/Task.jsm:319:42
TaskImpl@resource://gre/modules/Task.jsm:277:3
asyncFunction@resource://gre/modules/Task.jsm:252:14
Task_spawn@resource://gre/modules/Task.jsm:166:12
TaskImpl_handleResultValue@resource://gre/modules/Task.jsm:389:16
TaskImpl_run@resource://gre/modules/Task.jsm:327:15
process@resource://gre/modules/Promise.jsm -> resource://gre/modules/Promise-backend.js:922:23
walkerLoop@resource://gre/modules/Promise.jsm -> resource://gre/modules/Promise-backend.js:806:7
scheduleWalkerLoop/<@resource://gre/modules/Promise.jsm -> resource://gre/modules/Promise-backend.js:742:11

*************************
*************************
A coding exception was thrown and uncaught in a Task.

Full message: TypeError: conn is undefined
Full stack: _matchKnownUrl@resource://gre/components/UnifiedComplete.js:1351:5
TaskImpl_run@resource://gre/modules/Task.jsm:319:42
TaskImpl@resource://gre/modules/Task.jsm:277:3
asyncFunction@resource://gre/modules/Task.jsm:252:14
Task_spawn@resource://gre/modules/Task.jsm:166:12
TaskImpl_handleResultValue@resource://gre/modules/Task.jsm:389:16
TaskImpl_run@resource://gre/modules/Task.jsm:327:15
process@resource://gre/modules/Promise.jsm -> resource://gre/modules/Promise-backend.js:922:23
walkerLoop@resource://gre/modules/Promise.jsm -> resource://gre/modules/Promise-backend.js:806:7
scheduleWalkerLoop/<@resource://gre/modules/Promise.jsm -> resource://gre/modules/Promise-backend.js:742:11

*************************
Query failed: TypeError: conn is undefined
*************************
A coding exception was thrown and uncaught in a Task.

Full message: TypeError: conn is undefined
Full stack: _matchKnownUrl@resource://gre/components/UnifiedComplete.js:1351:5
TaskImpl_run@resource://gre/modules/Task.jsm:319:42
TaskImpl@resource://gre/modules/Task.jsm:277:3
asyncFunction@resource://gre/modules/Task.jsm:252:14
Task_spawn@resource://gre/modules/Task.jsm:166:12
TaskImpl_handleResultValue@resource://gre/modules/Task.jsm:389:16
TaskImpl_run@resource://gre/modules/Task.jsm:327:15
process@resource://gre/modules/Promise.jsm -> resource://gre/modules/Promise-backend.js:922:23
walkerLoop@resource://gre/modules/Promise.jsm -> resource://gre/modules/Promise-backend.js:806:7
scheduleWalkerLoop/<@resource://gre/modules/Promise.jsm -> resource://gre/modules/Promise-backend.js:742:11

*************************
*************************
A coding exception was thrown and uncaught in a Task.

Full message: TypeError: conn is undefined
Full stack: _matchKnownUrl@resource://gre/components/UnifiedComplete.js:1351:5
TaskImpl_run@resource://gre/modules/Task.jsm:319:42
TaskImpl@resource://gre/modules/Task.jsm:277:3
asyncFunction@resource://gre/modules/Task.jsm:252:14
Task_spawn@resource://gre/modules/Task.jsm:166:12
TaskImpl_handleResultValue@resource://gre/modules/Task.jsm:389:16
TaskImpl_run@resource://gre/modules/Task.jsm:327:15
process@resource://gre/modules/Promise.jsm -> resource://gre/modules/Promise-backend.js:922:23
walkerLoop@resource://gre/modules/Promise.jsm -> resource://gre/modules/Promise-backend.js:806:7
scheduleWalkerLoop/<@resource://gre/modules/Promise.jsm -> resource://gre/modules/Promise-backend.js:742:11

*************************
*************************
A coding exception was thrown and uncaught in a Task.

Full message: TypeError: conn is undefined
Full stack: _matchKnownUrl@resource://gre/components/UnifiedComplete.js:1351:5
TaskImpl_run@resource://gre/modules/Task.jsm:319:42
TaskImpl@resource://gre/modules/Task.jsm:277:3
asyncFunction@resource://gre/modules/Task.jsm:252:14
Task_spawn@resource://gre/modules/Task.jsm:166:12
TaskImpl_handleResultValue@resource://gre/modules/Task.jsm:389:16
TaskImpl_run@resource://gre/modules/Task.jsm:327:15
process@resource://gre/modules/Promise.jsm -> resource://gre/modules/Promise-backend.js:922:23
walkerLoop@resource://gre/modules/Promise.jsm -> resource://gre/modules/Promise-backend.js:806:7
scheduleWalkerLoop/<@resource://gre/modules/Promise.jsm -> resource://gre/modules/Promise-backend.js:742:11

*************************
Query failed: TypeError: conn is undefined
*************************
A coding exception was thrown and uncaught in a Task.

Full message: TypeError: conn is undefined
Full stack: _matchKnownUrl@resource://gre/components/UnifiedComplete.js:1351:5
TaskImpl_run@resource://gre/modules/Task.jsm:319:42
TaskImpl@resource://gre/modules/Task.jsm:277:3
asyncFunction@resource://gre/modules/Task.jsm:252:14
Task_spawn@resource://gre/modules/Task.jsm:166:12
TaskImpl_handleResultValue@resource://gre/modules/Task.jsm:389:16
TaskImpl_run@resource://gre/modules/Task.jsm:327:15
process@resource://gre/modules/Promise.jsm -> resource://gre/modules/Promise-backend.js:922:23
walkerLoop@resource://gre/modules/Promise.jsm -> resource://gre/modules/Promise-backend.js:806:7
scheduleWalkerLoop/<@resource://gre/modules/Promise.jsm -> resource://gre/modules/Promise-backend.js:742:11

*************************
*************************
A coding exception was thrown and uncaught in a Task.

Full message: TypeError: conn is undefined
Full stack: _matchKnownUrl@resource://gre/components/UnifiedComplete.js:1351:5
TaskImpl_run@resource://gre/modules/Task.jsm:319:42
TaskImpl@resource://gre/modules/Task.jsm:277:3
asyncFunction@resource://gre/modules/Task.jsm:252:14
Task_spawn@resource://gre/modules/Task.jsm:166:12
TaskImpl_handleResultValue@resource://gre/modules/Task.jsm:389:16
TaskImpl_run@resource://gre/modules/Task.jsm:327:15
process@resource://gre/modules/Promise.jsm -> resource://gre/modules/Promise-backend.js:922:23
walkerLoop@resource://gre/modules/Promise.jsm -> resource://gre/modules/Promise-backend.js:806:7
scheduleWalkerLoop/<@resource://gre/modules/Promise.jsm -> resource://gre/modules/Promise-backend.js:742:11

*************************
*************************
A coding exception was thrown and uncaught in a Task.

Full message: TypeError: conn is undefined
Full stack: _matchKnownUrl@resource://gre/components/UnifiedComplete.js:1351:5
TaskImpl_run@resource://gre/modules/Task.jsm:319:42
TaskImpl@resource://gre/modules/Task.jsm:277:3
asyncFunction@resource://gre/modules/Task.jsm:252:14
Task_spawn@resource://gre/modules/Task.jsm:166:12
TaskImpl_handleResultValue@resource://gre/modules/Task.jsm:389:16
TaskImpl_run@resource://gre/modules/Task.jsm:327:15
process@resource://gre/modules/Promise.jsm -> resource://gre/modules/Promise-backend.js:922:23
walkerLoop@resource://gre/modules/Promise.jsm -> resource://gre/modules/Promise-backend.js:806:7
scheduleWalkerLoop/<@resource://gre/modules/Promise.jsm -> resource://gre/modules/Promise-backend.js:742:11

*************************
Query failed: TypeError: conn is undefined
*************************
A coding exception was thrown and uncaught in a Task.

Full message: TypeError: conn is undefined
Full stack: _matchKnownUrl@resource://gre/components/UnifiedComplete.js:1351:5
TaskImpl_run@resource://gre/modules/Task.jsm:319:42
TaskImpl@resource://gre/modules/Task.jsm:277:3
asyncFunction@resource://gre/modules/Task.jsm:252:14
Task_spawn@resource://gre/modules/Task.jsm:166:12
TaskImpl_handleResultValue@resource://gre/modules/Task.jsm:389:16
TaskImpl_run@resource://gre/modules/Task.jsm:327:15
process@resource://gre/modules/Promise.jsm -> resource://gre/modules/Promise-backend.js:922:23
walkerLoop@resource://gre/modules/Promise.jsm -> resource://gre/modules/Promise-backend.js:806:7
scheduleWalkerLoop/<@resource://gre/modules/Promise.jsm -> resource://gre/modules/Promise-backend.js:742:11

*************************
*************************
A coding exception was thrown and uncaught in a Task.

Full message: TypeError: conn is undefined
Full stack: _matchKnownUrl@resource://gre/components/UnifiedComplete.js:1351:5
TaskImpl_run@resource://gre/modules/Task.jsm:319:42
TaskImpl@resource://gre/modules/Task.jsm:277:3
asyncFunction@resource://gre/modules/Task.jsm:252:14
Task_spawn@resource://gre/modules/Task.jsm:166:12
TaskImpl_handleResultValue@resource://gre/modules/Task.jsm:389:16
TaskImpl_run@resource://gre/modules/Task.jsm:327:15
process@resource://gre/modules/Promise.jsm -> resource://gre/modules/Promise-backend.js:922:23
walkerLoop@resource://gre/modules/Promise.jsm -> resource://gre/modules/Promise-backend.js:806:7
scheduleWalkerLoop/<@resource://gre/modules/Promise.jsm -> resource://gre/modules/Promise-backend.js:742:11

*************************
*************************
A coding exception was thrown and uncaught in a Task.

Full message: TypeError: conn is undefined
Full stack: _matchKnownUrl@resource://gre/components/UnifiedComplete.js:1351:5
TaskImpl_run@resource://gre/modules/Task.jsm:319:42
TaskImpl@resource://gre/modules/Task.jsm:277:3
asyncFunction@resource://gre/modules/Task.jsm:252:14
Task_spawn@resource://gre/modules/Task.jsm:166:12
TaskImpl_handleResultValue@resource://gre/modules/Task.jsm:389:16
TaskImpl_run@resource://gre/modules/Task.jsm:327:15
process@resource://gre/modules/Promise.jsm -> resource://gre/modules/Promise-backend.js:922:23
walkerLoop@resource://gre/modules/Promise.jsm -> resource://gre/modules/Promise-backend.js:806:7
scheduleWalkerLoop/<@resource://gre/modules/Promise.jsm -> resource://gre/modules/Promise-backend.js:742:11

*************************
Query failed: TypeError: conn is undefined
*************************
A coding exception was thrown and uncaught in a Task.

Full message: TypeError: conn is undefined
Full stack: _matchKnownUrl@resource://gre/components/UnifiedComplete.js:1351:5
TaskImpl_run@resource://gre/modules/Task.jsm:319:42
TaskImpl@resource://gre/modules/Task.jsm:277:3
asyncFunction@resource://gre/modules/Task.jsm:252:14
Task_spawn@resource://gre/modules/Task.jsm:166:12
TaskImpl_handleResultValue@resource://gre/modules/Task.jsm:389:16
TaskImpl_run@resource://gre/modules/Task.jsm:327:15
process@resource://gre/modules/Promise.jsm -> resource://gre/modules/Promise-backend.js:922:23
walkerLoop@resource://gre/modules/Promise.jsm -> resource://gre/modules/Promise-backend.js:806:7
scheduleWalkerLoop/<@resource://gre/modules/Promise.jsm -> resource://gre/modules/Promise-backend.js:742:11

*************************
*************************
A coding exception was thrown and uncaught in a Task.

Full message: TypeError: conn is undefined
Full stack: _matchKnownUrl@resource://gre/components/UnifiedComplete.js:1351:5
TaskImpl_run@resource://gre/modules/Task.jsm:319:42
TaskImpl@resource://gre/modules/Task.jsm:277:3
asyncFunction@resource://gre/modules/Task.jsm:252:14
Task_spawn@resource://gre/modules/Task.jsm:166:12
TaskImpl_handleResultValue@resource://gre/modules/Task.jsm:389:16
TaskImpl_run@resource://gre/modules/Task.jsm:327:15
process@resource://gre/modules/Promise.jsm -> resource://gre/modules/Promise-backend.js:922:23
walkerLoop@resource://gre/modules/Promise.jsm -> resource://gre/modules/Promise-backend.js:806:7
scheduleWalkerLoop/<@resource://gre/modules/Promise.jsm -> resource://gre/modules/Promise-backend.js:742:11

*************************
*************************
A coding exception was thrown and uncaught in a Task.

Full message: TypeError: conn is undefined
Full stack: _matchKnownUrl@resource://gre/components/UnifiedComplete.js:1351:5
TaskImpl_run@resource://gre/modules/Task.jsm:319:42
TaskImpl@resource://gre/modules/Task.jsm:277:3
asyncFunction@resource://gre/modules/Task.jsm:252:14
Task_spawn@resource://gre/modules/Task.jsm:166:12
TaskImpl_handleResultValue@resource://gre/modules/Task.jsm:389:16
TaskImpl_run@resource://gre/modules/Task.jsm:327:15
process@resource://gre/modules/Promise.jsm -> resource://gre/modules/Promise-backend.js:922:23
walkerLoop@resource://gre/modules/Promise.jsm -> resource://gre/modules/Promise-backend.js:806:7
scheduleWalkerLoop/<@resource://gre/modules/Promise.jsm -> resource://gre/modules/Promise-backend.js:742:11

*************************
Query failed: TypeError: conn is undefined
*************************
A coding exception was thrown and uncaught in a Task.

Full message: TypeError: conn is undefined
Full stack: _matchKnownUrl@resource://gre/components/UnifiedComplete.js:1351:5
TaskImpl_run@resource://gre/modules/Task.jsm:319:42
TaskImpl@resource://gre/modules/Task.jsm:277:3
asyncFunction@resource://gre/modules/Task.jsm:252:14
Task_spawn@resource://gre/modules/Task.jsm:166:12
TaskImpl_handleResultValue@resource://gre/modules/Task.jsm:389:16
TaskImpl_run@resource://gre/modules/Task.jsm:327:15
process@resource://gre/modules/Promise.jsm -> resource://gre/modules/Promise-backend.js:922:23
walkerLoop@resource://gre/modules/Promise.jsm -> resource://gre/modules/Promise-backend.js:806:7
scheduleWalkerLoop/<@resource://gre/modules/Promise.jsm -> resource://gre/modules/Promise-backend.js:742:11

*************************
*************************
A coding exception was thrown and uncaught in a Task.

Full message: TypeError: conn is undefined
Full stack: _matchKnownUrl@resource://gre/components/UnifiedComplete.js:1351:5
TaskImpl_run@resource://gre/modules/Task.jsm:319:42
TaskImpl@resource://gre/modules/Task.jsm:277:3
asyncFunction@resource://gre/modules/Task.jsm:252:14
Task_spawn@resource://gre/modules/Task.jsm:166:12
TaskImpl_handleResultValue@resource://gre/modules/Task.jsm:389:16
TaskImpl_run@resource://gre/modules/Task.jsm:327:15
process@resource://gre/modules/Promise.jsm -> resource://gre/modules/Promise-backend.js:922:23
walkerLoop@resource://gre/modules/Promise.jsm -> resource://gre/modules/Promise-backend.js:806:7
scheduleWalkerLoop/<@resource://gre/modules/Promise.jsm -> resource://gre/modules/Promise-backend.js:742:11

*************************
*************************
A coding exception was thrown and uncaught in a Task.

Full message: TypeError: conn is undefined
Full stack: _matchKnownUrl@resource://gre/components/UnifiedComplete.js:1351:5
TaskImpl_run@resource://gre/modules/Task.jsm:319:42
TaskImpl@resource://gre/modules/Task.jsm:277:3
asyncFunction@resource://gre/modules/Task.jsm:252:14
Task_spawn@resource://gre/modules/Task.jsm:166:12
TaskImpl_handleResultValue@resource://gre/modules/Task.jsm:389:16
TaskImpl_run@resource://gre/modules/Task.jsm:327:15
process@resource://gre/modules/Promise.jsm -> resource://gre/modules/Promise-backend.js:922:23
walkerLoop@resource://gre/modules/Promise.jsm -> resource://gre/modules/Promise-backend.js:806:7
scheduleWalkerLoop/<@resource://gre/modules/Promise.jsm -> resource://gre/modules/Promise-backend.js:742:11

*************************
Query failed: TypeError: conn is undefined
1499256119076	Marionette	INFO	Ceased listening
